<?xml version="1.0" encoding="UTF-8"?>
<!-- Generated by org.testng.reporters.JUnitReportReporter -->
<testsuite hostname="BTP208372" failures="0" tests="1" name="com.practice.testng.Day2" time="0.006" errors="0" timestamp="13 Jun 2021 16:40:04 GMT" skipped="0">
  <testcase classname="com.practice.testng.Day2" name="pLoan" time="0.006"/>
</testsuite> <!-- com.practice.testng.Day2 -->
