<?xml version="1.0" encoding="UTF-8"?>
<!-- Generated by org.testng.reporters.JUnitReportReporter -->
<testsuite hostname="BTP208372" failures="0" tests="1" name="com.practice.testng.Day4" time="0.001" errors="0" timestamp="06 Jun 2021 15:59:48 GMT" skipped="0">
  <testcase classname="com.practice.testng.Day4" name="mobileHomeLoan" time="0.001"/>
</testsuite> <!-- com.practice.testng.Day4 -->
