<?xml version="1.0" encoding="UTF-8"?>
<!-- Generated by org.testng.reporters.JUnitReportReporter -->
<testsuite hostname="BTP208372" failures="0" tests="2" name="com.practice.testng.Day1" time="0.005" errors="0" timestamp="06 Jun 2021 15:59:48 GMT" skipped="0">
  <testcase classname="com.practice.testng.Day1" name="Demo" time="0.004"/>
  <testcase classname="com.practice.testng.Day1" name="SecondTest" time="0.001"/>
</testsuite> <!-- com.practice.testng.Day1 -->
