<?xml version="1.0" encoding="UTF-8"?>
<!-- Generated by org.testng.reporters.JUnitReportReporter -->
<testsuite hostname="BTP208372" failures="0" tests="4" name="com.practice.testng.Day3" time="0.004" errors="0" timestamp="06 Jun 2021 15:59:48 GMT" skipped="0">
  <testcase classname="com.practice.testng.Day3" name="mobileCarLoanInterest" time="0.001"/>
  <testcase classname="com.practice.testng.Day3" name="mobileCarLoan" time="0.001"/>
  <testcase classname="com.practice.testng.Day3" name="mobileCarLoanLogin" time="0.001"/>
  <testcase classname="com.practice.testng.Day3" name="mobileCarLoanLogout" time="0.001"/>
</testsuite> <!-- com.practice.testng.Day3 -->
